13.07.2020 13:50:20:GHJG
13.07.2020 13:50:22:GHJGHJ
13.07.2020 13:50:23:GHJGHJ
13.07.2020 13:50:24:56756
13.07.2020 13:50:24:ghj: 
13.07.2020 13:50:25:GHJGH
13.07.2020 16:59:29:ПРИВЕТ
13.07.2020 16:59:50:ПОКА
13.07.2020 17:00:14:ВАОПРЛО
13.07.2020 17:00:20:ВАР
13.07.2020 17:00:23:Сергей: 
13.07.2020 17:00:25:Сергей: 
13.07.2020 17:04:00:F
13.07.2020 17:04:01:H
13.07.2020 17:04:01:K
13.07.2020 17:04:01:D
13.07.2020 17:04:01:F
13.07.2020 17:04:06:F
13.07.2020 17:04:06:D
13.07.2020 17:04:06:K
13.07.2020 17:04:06:J
13.07.2020 17:04:06:H
13.07.2020 17:04:07:J
13.07.2020 17:04:08:K
13.07.2020 17:04:09:A
13.07.2020 17:04:09:S
13.07.2020 17:04:24:
13.07.2020 17:04:24:
13.07.2020 17:04:24:
13.07.2020 17:04:24:
13.07.2020 17:04:24:
13.07.2020 17:04:24:
13.07.2020 17:04:24:
13.07.2020 17:04:24:
13.07.2020 17:04:24:
13.07.2020 17:04:24:
13.07.2020 17:04:24:
13.07.2020 17:04:24:
13.07.2020 17:04:24:
13.07.2020 17:04:24:
13.07.2020 17:04:24:
13.07.2020 17:04:24:
13.07.2020 17:04:24:
13.07.2020 17:04:24:
13.07.2020 17:04:24:
13.07.2020 17:04:24:
13.07.2020 17:04:24:
13.07.2020 17:04:24:
13.07.2020 17:04:24:
13.07.2020 17:04:24:
13.07.2020 17:04:24:
13.07.2020 17:04:24:
13.07.2020 17:04:24:
13.07.2020 17:04:24:
13.07.2020 17:04:24:
13.07.2020 17:04:24:
13.07.2020 17:04:24:
13.07.2020 17:04:24:
13.07.2020 17:04:24:
13.07.2020 17:04:24:
13.07.2020 17:04:25:
13.07.2020 17:04:25:
13.07.2020 17:04:25:
13.07.2020 17:04:25:
13.07.2020 17:04:25:
13.07.2020 17:04:25:
13.07.2020 17:04:25:
13.07.2020 17:04:25:
13.07.2020 17:04:25:
13.07.2020 17:04:25:
13.07.2020 17:04:25:
13.07.2020 17:04:25:
13.07.2020 17:04:25:
13.07.2020 17:04:25:
13.07.2020 17:04:25:
13.07.2020 17:04:25:
13.07.2020 17:04:25:
13.07.2020 17:04:25:
13.07.2020 17:04:25:
13.07.2020 17:04:25:
13.07.2020 17:04:25:
13.07.2020 17:04:25:
13.07.2020 17:04:25:
13.07.2020 17:04:25:
13.07.2020 17:04:25:
13.07.2020 17:04:25:
13.07.2020 17:04:25:
13.07.2020 17:04:25:
13.07.2020 17:04:25:
13.07.2020 17:04:25:
13.07.2020 17:04:25:
13.07.2020 17:04:25:
13.07.2020 17:04:25:
13.07.2020 17:04:25:
13.07.2020 17:04:25:
13.07.2020 17:04:25:
13.07.2020 17:04:25:
13.07.2020 17:04:25:
13.07.2020 17:04:25:
13.07.2020 17:04:25:
13.07.2020 17:04:25:
13.07.2020 17:04:25:
13.07.2020 17:04:25:
13.07.2020 17:04:25:
13.07.2020 17:04:25:
13.07.2020 17:04:25:
13.07.2020 17:04:25:
13.07.2020 17:04:25:
13.07.2020 17:04:25:
13.07.2020 17:04:25:
13.07.2020 17:04:25:
13.07.2020 17:04:25:
13.07.2020 17:04:25:
13.07.2020 17:04:25:
13.07.2020 17:04:25:
13.07.2020 17:04:25:
13.07.2020 17:04:25:
13.07.2020 17:04:25:
13.07.2020 17:04:25:
13.07.2020 17:04:25:
13.07.2020 17:04:25:
13.07.2020 17:04:25:
13.07.2020 17:04:25:
13.07.2020 17:04:25:
13.07.2020 17:04:25:
13.07.2020 17:04:25:
13.07.2020 17:04:25:
13.07.2020 17:04:25:
13.07.2020 17:04:25:
13.07.2020 17:04:25:
13.07.2020 17:04:25:
13.07.2020 17:04:25:
13.07.2020 17:04:25:
13.07.2020 17:04:25:
13.07.2020 17:04:25:
13.07.2020 17:04:25:
13.07.2020 17:04:25:
13.07.2020 17:04:25:
13.07.2020 17:04:25:
13.07.2020 17:04:25:
13.07.2020 17:04:25:
13.07.2020 17:04:25:
13.07.2020 17:04:25:
13.07.2020 17:04:25:
13.07.2020 17:04:25:
13.07.2020 17:04:25:
13.07.2020 17:04:25:
13.07.2020 17:04:25:
13.07.2020 17:04:25:
13.07.2020 17:04:25:
13.07.2020 17:04:25:
13.07.2020 17:04:25:
13.07.2020 17:04:25:
13.07.2020 17:04:25:
13.07.2020 17:04:25:
13.07.2020 17:04:25:
13.07.2020 17:04:25:
13.07.2020 17:04:25:
13.07.2020 17:04:25:
13.07.2020 17:04:25:
13.07.2020 17:04:25:
13.07.2020 17:04:25:
13.07.2020 17:04:25:
13.07.2020 17:04:25:
13.07.2020 17:04:25:
13.07.2020 17:04:25:
13.07.2020 17:04:25:
13.07.2020 17:04:25:
13.07.2020 17:04:25:
13.07.2020 17:04:25:
13.07.2020 17:04:25:
13.07.2020 17:04:25:
13.07.2020 17:04:25:
13.07.2020 17:04:25:
13.07.2020 17:04:25:
13.07.2020 17:04:25:
13.07.2020 17:04:25:
13.07.2020 17:04:25:
13.07.2020 17:04:25:
13.07.2020 17:04:25:
13.07.2020 17:04:25:
13.07.2020 17:04:25:
13.07.2020 17:04:25:
13.07.2020 17:04:25:
13.07.2020 17:04:25:
13.07.2020 17:04:25:
13.07.2020 17:04:25:
13.07.2020 17:04:25:
13.07.2020 17:04:25:
13.07.2020 17:04:25:
13.07.2020 17:04:25:
13.07.2020 17:04:25:
13.07.2020 17:04:25:
13.07.2020 17:04:25:
13.07.2020 17:04:25:
13.07.2020 17:04:25:
13.07.2020 17:04:25:
13.07.2020 17:04:25:
13.07.2020 17:04:25:
13.07.2020 17:04:25:
13.07.2020 17:04:25:
13.07.2020 17:04:25:
13.07.2020 17:04:25:
13.07.2020 17:04:25:
13.07.2020 17:04:25:
13.07.2020 17:04:25:
13.07.2020 17:04:25:
13.07.2020 17:04:25:
13.07.2020 17:04:25:
13.07.2020 17:04:25:
13.07.2020 17:04:25:
13.07.2020 17:04:25:
13.07.2020 17:04:25:
13.07.2020 17:04:25:
13.07.2020 17:04:25:
13.07.2020 17:04:26:
13.07.2020 17:04:26:
13.07.2020 17:04:26:
13.07.2020 17:04:26:
13.07.2020 17:04:26:
13.07.2020 17:04:26:
13.07.2020 17:04:26:
13.07.2020 17:04:26:
13.07.2020 17:04:26:
13.07.2020 17:04:26:
13.07.2020 17:04:26:
13.07.2020 17:04:26:
13.07.2020 17:04:26:
13.07.2020 17:04:26:
13.07.2020 17:04:26:
13.07.2020 17:04:26:
13.07.2020 17:04:26:
13.07.2020 17:04:26:
13.07.2020 17:04:26:
13.07.2020 17:04:26:
13.07.2020 17:04:26:
13.07.2020 17:04:26:
13.07.2020 17:04:26:
13.07.2020 17:04:26:
13.07.2020 17:04:26:
13.07.2020 17:04:26:
13.07.2020 17:04:26:
13.07.2020 17:04:26:
13.07.2020 17:04:26:
13.07.2020 17:04:26:
13.07.2020 17:04:26:
13.07.2020 17:04:26:
13.07.2020 17:04:26:
13.07.2020 17:04:26:
13.07.2020 17:04:26:
13.07.2020 17:04:26:
13.07.2020 17:04:26:
13.07.2020 17:04:26:
13.07.2020 17:04:26:
13.07.2020 17:04:26:
13.07.2020 17:04:26:
13.07.2020 17:04:26:
13.07.2020 17:04:26:
13.07.2020 17:04:26:
13.07.2020 17:04:26:
13.07.2020 17:04:26:
13.07.2020 17:04:26:
13.07.2020 17:04:26:
13.07.2020 17:04:26:
13.07.2020 17:04:26:
13.07.2020 17:04:26:
13.07.2020 17:04:26:
13.07.2020 17:04:26:
13.07.2020 17:04:26:
13.07.2020 17:04:26:
13.07.2020 17:04:26:
13.07.2020 17:04:26:
13.07.2020 17:04:26:
13.07.2020 17:04:26:
13.07.2020 17:04:26:
13.07.2020 17:04:26:
13.07.2020 17:04:26:
13.07.2020 17:04:26:
13.07.2020 17:04:26:
13.07.2020 17:04:26:
13.07.2020 17:04:26:
13.07.2020 17:04:26:
13.07.2020 17:04:26:
13.07.2020 17:04:26:
13.07.2020 17:04:26:
13.07.2020 17:04:26:
13.07.2020 17:04:26:
13.07.2020 17:04:26:
13.07.2020 17:04:26:
13.07.2020 17:04:26:
13.07.2020 17:04:26:
13.07.2020 17:04:26:
13.07.2020 17:04:26:
13.07.2020 17:04:26:
13.07.2020 17:04:26:
13.07.2020 17:04:26:
13.07.2020 17:04:26:
13.07.2020 17:04:26:
13.07.2020 17:04:26:
13.07.2020 17:04:26:
13.07.2020 17:04:26:
13.07.2020 17:04:26:
13.07.2020 17:04:26:
13.07.2020 17:04:26:
13.07.2020 17:04:26:
13.07.2020 17:04:26:
13.07.2020 17:04:26:
13.07.2020 17:04:26:
13.07.2020 17:04:26:
13.07.2020 17:04:26:
13.07.2020 17:04:26:
13.07.2020 17:04:26:
13.07.2020 17:04:26:
13.07.2020 17:04:26:
13.07.2020 17:04:26:
13.07.2020 17:04:26:
13.07.2020 17:04:26:
13.07.2020 17:04:26:
13.07.2020 17:04:26:
13.07.2020 17:04:26:
13.07.2020 17:04:26:
13.07.2020 17:04:26:
13.07.2020 17:04:26:
13.07.2020 17:04:26:
13.07.2020 17:04:26:
13.07.2020 17:04:26:
13.07.2020 17:04:26:
13.07.2020 17:04:26:
13.07.2020 17:04:26:
13.07.2020 17:04:26:
13.07.2020 17:04:26:
13.07.2020 17:04:26:
13.07.2020 17:04:26:
13.07.2020 17:04:26:
13.07.2020 17:04:26:
13.07.2020 17:04:26:
13.07.2020 17:04:26:
13.07.2020 17:04:26:
13.07.2020 17:04:26:
13.07.2020 17:04:26:
13.07.2020 17:04:26:
13.07.2020 17:04:26:
13.07.2020 17:04:26:
13.07.2020 17:04:26:
13.07.2020 17:04:26:
13.07.2020 17:04:26:
13.07.2020 17:04:26:
13.07.2020 17:04:26:
13.07.2020 17:04:26:
13.07.2020 17:04:26:
13.07.2020 17:04:26:
13.07.2020 17:04:26:
13.07.2020 17:04:26:
13.07.2020 17:04:26:
13.07.2020 17:04:26:
13.07.2020 17:04:26:
13.07.2020 17:04:26:
13.07.2020 17:04:26:
13.07.2020 17:04:26:
13.07.2020 17:04:26:
13.07.2020 17:04:26:
13.07.2020 17:04:26:
13.07.2020 17:04:26:
13.07.2020 17:04:26:
13.07.2020 17:04:26:
13.07.2020 17:04:26:
13.07.2020 17:04:27:
13.07.2020 17:04:27:
13.07.2020 17:04:27:
13.07.2020 17:04:27:
13.07.2020 17:04:27:
13.07.2020 17:04:27:
13.07.2020 17:04:27:
13.07.2020 17:04:27:
13.07.2020 17:04:27:
13.07.2020 17:04:27:
13.07.2020 17:04:27:
13.07.2020 17:04:27:
13.07.2020 17:04:27:
13.07.2020 17:04:27:
13.07.2020 17:04:27:
13.07.2020 17:04:27:
13.07.2020 17:04:27:
13.07.2020 17:04:27:
13.07.2020 17:04:27:
13.07.2020 17:04:27:
13.07.2020 17:04:27:
13.07.2020 17:04:27:
13.07.2020 17:04:27:
13.07.2020 17:04:27:
13.07.2020 17:04:27:
13.07.2020 17:04:27:
13.07.2020 17:04:27:
13.07.2020 17:04:27:
13.07.2020 17:04:27:
13.07.2020 17:04:27:
13.07.2020 17:04:27:
13.07.2020 17:04:27:
13.07.2020 17:04:27:
13.07.2020 17:04:27:
13.07.2020 17:04:27:
13.07.2020 17:04:27:
13.07.2020 17:04:27:
13.07.2020 17:04:27:
13.07.2020 17:04:27:
13.07.2020 17:04:27:
13.07.2020 17:04:27:
13.07.2020 17:04:27:
13.07.2020 17:04:27:
13.07.2020 17:04:27:
13.07.2020 17:04:27:
13.07.2020 17:04:27:
13.07.2020 17:04:27:
13.07.2020 17:04:27:
13.07.2020 17:04:27:
13.07.2020 17:04:27:
13.07.2020 17:04:27:
13.07.2020 17:04:27:
13.07.2020 17:04:27:
13.07.2020 17:04:27:
13.07.2020 17:04:27:
13.07.2020 17:04:27:
13.07.2020 17:04:27:
13.07.2020 17:04:27:
13.07.2020 17:04:27:
13.07.2020 17:04:27:
13.07.2020 17:04:27:
13.07.2020 17:04:27:
13.07.2020 17:04:27:
13.07.2020 17:04:27:
13.07.2020 17:04:27:
13.07.2020 17:04:27:
13.07.2020 17:04:27:
13.07.2020 17:04:27:
13.07.2020 17:04:27:
13.07.2020 17:04:27:
13.07.2020 17:04:27:
13.07.2020 17:04:27:
13.07.2020 17:04:27:
13.07.2020 17:04:27:
13.07.2020 17:04:27:
13.07.2020 17:04:27:
13.07.2020 17:04:27:
13.07.2020 17:04:27:
13.07.2020 17:04:27:
13.07.2020 17:04:27:
13.07.2020 17:04:27:
13.07.2020 17:04:27:
13.07.2020 17:04:27:
13.07.2020 17:04:27:
13.07.2020 17:04:27:
13.07.2020 17:04:27:
13.07.2020 17:04:27:
13.07.2020 17:04:27:
13.07.2020 17:04:27:
13.07.2020 17:04:27:
13.07.2020 17:04:27:
13.07.2020 17:04:27:
13.07.2020 17:04:27:
13.07.2020 17:04:27:
13.07.2020 17:04:27:
13.07.2020 17:04:27:
13.07.2020 17:04:27:
13.07.2020 17:04:27:
13.07.2020 17:04:27:
13.07.2020 17:04:27:
13.07.2020 17:04:27:
13.07.2020 17:04:27:
13.07.2020 17:04:27:
13.07.2020 17:04:27:
13.07.2020 17:04:27:
13.07.2020 17:04:27:
13.07.2020 17:04:27:
13.07.2020 17:04:27:
13.07.2020 17:04:27:
13.07.2020 17:04:27:
13.07.2020 17:04:27:
13.07.2020 17:04:27:
13.07.2020 17:04:27:
13.07.2020 17:04:27:
13.07.2020 17:04:27:
13.07.2020 17:04:27:
13.07.2020 17:04:27:
13.07.2020 17:04:27:
13.07.2020 17:04:27:
13.07.2020 17:04:27:
13.07.2020 17:04:27:
13.07.2020 17:04:27:
13.07.2020 17:04:27:
13.07.2020 17:04:27:
13.07.2020 17:04:27:
13.07.2020 17:04:27:
13.07.2020 17:04:27:
13.07.2020 17:04:27:
13.07.2020 17:04:27:
13.07.2020 17:04:27:
13.07.2020 17:04:27:
13.07.2020 17:04:27:
13.07.2020 17:04:27:
13.07.2020 17:04:27:
13.07.2020 17:04:27:
13.07.2020 17:04:27:
13.07.2020 17:04:27:
13.07.2020 17:04:27:
13.07.2020 17:04:27:
13.07.2020 17:04:27:
13.07.2020 17:04:27:
13.07.2020 17:04:27:
13.07.2020 17:04:27:
13.07.2020 17:04:28:
13.07.2020 17:04:28:
13.07.2020 17:04:28:
13.07.2020 17:04:28:
13.07.2020 17:04:28:
13.07.2020 17:04:28:
13.07.2020 17:04:28:
13.07.2020 17:04:28:
13.07.2020 17:04:28:
13.07.2020 17:04:28:
13.07.2020 17:04:28:
13.07.2020 17:04:28:
13.07.2020 17:04:28:
13.07.2020 17:04:28:
13.07.2020 17:04:28:
13.07.2020 17:04:28:
13.07.2020 17:04:28:
13.07.2020 17:04:28:
13.07.2020 17:04:28:
13.07.2020 17:04:28:
13.07.2020 17:04:28:
13.07.2020 17:04:28:
13.07.2020 17:04:28:
13.07.2020 17:04:28:
13.07.2020 17:04:28:
13.07.2020 17:04:28:
13.07.2020 17:04:28:
13.07.2020 17:04:28:
13.07.2020 17:04:28:
13.07.2020 17:04:28:
13.07.2020 17:04:28:
13.07.2020 17:04:28:
13.07.2020 17:04:28:
13.07.2020 17:04:28:
13.07.2020 17:04:28:
13.07.2020 17:04:28:
13.07.2020 17:04:28:
13.07.2020 17:04:28:
13.07.2020 17:04:28:
13.07.2020 17:04:28:
13.07.2020 17:04:28:
13.07.2020 17:04:28:
13.07.2020 17:04:28:
13.07.2020 17:04:28:
13.07.2020 17:04:28:
13.07.2020 17:04:28:
13.07.2020 17:04:28:
13.07.2020 17:04:28:
13.07.2020 17:04:28:
13.07.2020 17:04:28:
13.07.2020 17:04:28:
13.07.2020 17:04:28:
13.07.2020 17:04:28:
13.07.2020 17:04:28:
13.07.2020 17:04:28:
13.07.2020 17:04:28:
13.07.2020 17:04:28:
13.07.2020 17:04:28:
13.07.2020 17:04:28:
13.07.2020 17:04:28:
13.07.2020 17:04:28:
13.07.2020 17:04:28:
13.07.2020 17:04:28:
13.07.2020 17:04:28:
13.07.2020 17:04:28:
13.07.2020 17:04:28:
13.07.2020 17:04:28:
13.07.2020 17:04:28:
13.07.2020 17:04:28:
13.07.2020 17:04:28:
13.07.2020 17:04:28:
13.07.2020 17:04:28:
13.07.2020 17:04:28:
13.07.2020 17:04:28:
13.07.2020 17:04:28:
13.07.2020 17:04:28:
13.07.2020 17:04:28:
13.07.2020 17:04:28:
13.07.2020 17:04:28:
13.07.2020 17:04:28:
13.07.2020 17:04:28:
13.07.2020 17:04:28:
13.07.2020 17:04:28:
13.07.2020 17:04:28:
13.07.2020 17:04:28:
13.07.2020 17:04:28:
13.07.2020 17:04:28:
13.07.2020 17:04:28:
13.07.2020 17:04:28:
13.07.2020 17:04:28:
13.07.2020 17:04:28:
13.07.2020 17:04:28:
13.07.2020 17:04:28:
13.07.2020 17:04:28:
13.07.2020 17:04:28:
13.07.2020 17:04:28:
13.07.2020 17:04:28:
13.07.2020 17:04:28:
13.07.2020 17:04:28:
13.07.2020 17:04:28:
13.07.2020 17:04:28:
13.07.2020 17:04:28:
13.07.2020 17:04:28:
13.07.2020 17:04:28:
13.07.2020 17:04:28:
13.07.2020 17:04:28:
13.07.2020 17:04:28:
13.07.2020 17:04:28:
13.07.2020 17:04:28:
13.07.2020 17:04:28:
13.07.2020 17:04:28:
13.07.2020 17:04:28:
13.07.2020 17:04:28:
13.07.2020 17:04:28:
13.07.2020 17:04:28:
13.07.2020 17:04:28:
13.07.2020 17:04:28:
13.07.2020 17:04:28:
13.07.2020 17:04:28:
13.07.2020 17:04:28:
13.07.2020 17:04:28:
13.07.2020 17:04:28:
13.07.2020 17:04:28:
13.07.2020 17:04:28:
13.07.2020 17:04:28:
13.07.2020 17:04:28:
13.07.2020 17:04:28:
13.07.2020 17:04:28:
13.07.2020 17:04:28:
13.07.2020 17:04:28:
13.07.2020 17:04:28:
13.07.2020 17:04:28:
13.07.2020 17:04:28:
13.07.2020 17:04:28:
13.07.2020 17:04:29:
13.07.2020 17:04:29:
13.07.2020 17:04:29:
13.07.2020 17:04:29:
13.07.2020 17:04:29:
13.07.2020 17:04:29:
13.07.2020 17:04:29:
13.07.2020 17:04:29:
13.07.2020 17:04:29:
13.07.2020 17:04:29:
13.07.2020 17:04:29:
13.07.2020 17:04:29:
13.07.2020 17:04:29:
13.07.2020 17:04:29:
13.07.2020 17:04:29:
13.07.2020 17:04:29:
13.07.2020 17:04:29:
13.07.2020 17:04:29:
13.07.2020 17:04:29:
13.07.2020 17:04:29:
13.07.2020 17:04:29:
13.07.2020 17:04:29:
13.07.2020 17:04:29:
13.07.2020 17:04:29:
13.07.2020 17:04:29:
13.07.2020 17:04:29:
13.07.2020 17:04:29:
13.07.2020 17:04:29:
13.07.2020 17:04:29:
13.07.2020 17:04:29:
13.07.2020 17:04:29:
13.07.2020 17:04:29:
13.07.2020 17:04:29:
13.07.2020 17:04:29:
13.07.2020 17:04:29:
13.07.2020 17:04:29:
13.07.2020 17:04:29:
13.07.2020 17:04:29:
13.07.2020 17:04:30:
13.07.2020 17:04:30:
13.07.2020 17:04:30:
13.07.2020 17:04:30:
13.07.2020 17:04:30:
13.07.2020 17:04:30:
13.07.2020 17:04:30:
13.07.2020 17:04:30:
13.07.2020 17:04:30:
13.07.2020 17:04:30:
13.07.2020 17:04:30:
13.07.2020 17:04:30:
13.07.2020 17:04:30:
13.07.2020 17:04:30:
13.07.2020 17:04:30:
13.07.2020 17:04:30:
13.07.2020 17:04:30:
13.07.2020 17:04:30:
13.07.2020 17:04:30:
13.07.2020 17:04:30:
13.07.2020 17:04:30:
13.07.2020 17:04:30:
13.07.2020 17:04:30:
13.07.2020 17:04:30:
13.07.2020 17:04:30:
13.07.2020 17:04:30:
13.07.2020 17:04:30:
13.07.2020 17:04:30:
13.07.2020 17:04:30:
13.07.2020 17:04:30:
13.07.2020 17:04:30:
13.07.2020 17:04:30:
13.07.2020 17:04:30:
13.07.2020 17:04:30:
13.07.2020 17:04:30:
13.07.2020 17:04:30:
13.07.2020 17:04:30:
13.07.2020 17:04:30:
13.07.2020 17:04:30:
13.07.2020 17:04:30:
13.07.2020 17:04:30:
13.07.2020 17:04:30:
13.07.2020 17:04:30:
13.07.2020 17:04:30:
13.07.2020 17:04:30:
13.07.2020 17:04:30:
13.07.2020 17:04:30:
13.07.2020 17:04:30:
13.07.2020 17:04:30:
13.07.2020 17:04:30:
13.07.2020 17:04:30:
13.07.2020 17:04:30:
13.07.2020 17:04:30:
13.07.2020 17:04:30:
13.07.2020 17:04:30:
13.07.2020 17:04:30:
13.07.2020 17:04:30:
13.07.2020 17:04:30:
13.07.2020 17:04:30:
13.07.2020 17:04:30:
13.07.2020 17:04:30:
13.07.2020 17:04:30:
13.07.2020 17:04:30:
13.07.2020 17:04:30:
13.07.2020 17:04:30:
13.07.2020 17:04:30:
13.07.2020 17:04:30:
13.07.2020 17:04:30:
13.07.2020 17:04:30:
13.07.2020 17:04:30:
13.07.2020 17:04:30:
13.07.2020 17:04:30:
13.07.2020 17:04:30:
13.07.2020 17:04:30:
13.07.2020 17:04:30:
13.07.2020 17:04:30:
13.07.2020 17:04:30:
13.07.2020 17:04:30:
13.07.2020 17:04:30:
13.07.2020 17:04:30:
13.07.2020 17:04:30:
13.07.2020 17:04:30:
13.07.2020 17:04:30:
13.07.2020 17:04:30:
13.07.2020 17:04:30:
13.07.2020 17:04:30:
13.07.2020 17:04:30:
13.07.2020 17:04:30:
13.07.2020 17:04:30:
13.07.2020 17:04:30:
13.07.2020 17:04:30:
13.07.2020 17:04:30:
13.07.2020 17:04:30:
13.07.2020 17:04:30:
13.07.2020 17:04:30:
13.07.2020 17:04:30:
13.07.2020 17:04:30:
13.07.2020 17:04:30:
13.07.2020 17:04:30:
13.07.2020 17:04:30:
13.07.2020 17:04:30:
13.07.2020 17:04:30:
13.07.2020 17:04:30:
13.07.2020 17:04:30:
13.07.2020 17:04:30:
13.07.2020 17:04:30:
13.07.2020 17:04:30:
13.07.2020 17:04:30:
13.07.2020 17:04:30:
13.07.2020 17:04:30:
13.07.2020 17:04:30:
13.07.2020 17:04:30:
13.07.2020 17:04:31:
13.07.2020 17:04:31:
13.07.2020 17:04:31:
13.07.2020 17:04:31:
13.07.2020 17:04:31:
13.07.2020 17:04:31:
13.07.2020 17:04:31:
13.07.2020 17:04:31:
13.07.2020 17:04:31:
13.07.2020 17:04:31:
13.07.2020 17:04:31:
13.07.2020 17:04:31:
13.07.2020 17:04:31:
13.07.2020 17:04:31:
13.07.2020 17:04:31:
13.07.2020 17:04:31:
13.07.2020 17:04:31:
13.07.2020 17:04:31:
13.07.2020 17:04:31:
13.07.2020 17:04:31:
13.07.2020 17:04:31:
13.07.2020 17:04:31:
13.07.2020 17:04:31:
13.07.2020 17:04:31:
13.07.2020 17:04:31:
13.07.2020 17:04:31:
13.07.2020 17:04:31:
13.07.2020 17:04:31:
13.07.2020 17:04:31:
13.07.2020 17:04:31:
13.07.2020 17:04:31:
13.07.2020 17:04:31:
13.07.2020 17:04:31:
13.07.2020 17:04:31:
13.07.2020 17:04:31:
13.07.2020 17:04:31:
13.07.2020 17:04:31:
13.07.2020 17:04:31:
13.07.2020 17:04:31:
13.07.2020 17:04:31:
13.07.2020 17:04:31:
13.07.2020 17:04:31:
13.07.2020 17:04:31:
13.07.2020 17:04:31:
13.07.2020 17:04:31:
13.07.2020 17:04:31:
13.07.2020 17:04:31:
13.07.2020 17:04:31:
13.07.2020 17:04:31:
13.07.2020 17:04:31:
13.07.2020 17:04:31:
13.07.2020 17:04:31:
13.07.2020 17:04:31:
13.07.2020 17:04:31:
13.07.2020 17:04:31:
13.07.2020 17:04:31:
13.07.2020 17:04:32:
13.07.2020 17:04:32:
13.07.2020 17:04:32:
13.07.2020 17:04:32:
13.07.2020 17:04:32:
13.07.2020 17:04:32:
13.07.2020 17:04:32:
13.07.2020 17:04:32:
13.07.2020 17:04:32:
13.07.2020 17:04:32:
13.07.2020 17:04:32:
13.07.2020 17:04:32:
13.07.2020 17:04:32:
13.07.2020 17:04:32:
13.07.2020 17:04:32:
13.07.2020 17:04:32:
13.07.2020 17:04:32:
13.07.2020 17:04:32:
13.07.2020 17:04:32:
13.07.2020 17:04:32:
13.07.2020 17:04:32:
13.07.2020 17:04:32:
13.07.2020 17:04:32:
13.07.2020 17:04:32:
13.07.2020 17:04:32:
13.07.2020 17:04:32:
13.07.2020 17:04:32:
13.07.2020 17:04:32:
13.07.2020 17:04:32:
13.07.2020 17:04:32:
13.07.2020 17:04:32:
13.07.2020 17:04:32:
13.07.2020 17:04:32:
13.07.2020 17:04:32:
13.07.2020 17:04:32:
13.07.2020 17:04:32:
13.07.2020 17:04:32:
13.07.2020 17:04:32:
13.07.2020 17:04:32:
13.07.2020 17:04:32:
13.07.2020 17:04:32:
13.07.2020 17:04:32:
13.07.2020 17:04:32:
13.07.2020 17:04:32:
13.07.2020 17:04:32:
13.07.2020 17:04:32:
13.07.2020 17:04:32:
13.07.2020 17:04:32:
13.07.2020 17:04:32:
13.07.2020 17:04:32:
13.07.2020 17:04:32:
13.07.2020 17:04:32:
13.07.2020 17:04:32:
13.07.2020 17:04:32:
13.07.2020 17:04:32:
13.07.2020 17:04:32:
13.07.2020 17:04:32:
13.07.2020 17:04:32:
13.07.2020 17:04:32:
13.07.2020 17:04:32:
13.07.2020 17:04:32:
13.07.2020 17:04:32:
13.07.2020 17:04:32:
13.07.2020 17:04:32:
13.07.2020 17:04:32:
13.07.2020 17:04:32:
13.07.2020 17:04:32:
13.07.2020 17:04:32:
13.07.2020 17:04:32:
13.07.2020 17:04:32:
13.07.2020 17:04:32:
13.07.2020 17:04:32:
13.07.2020 17:04:32:
13.07.2020 17:04:32:
13.07.2020 17:04:32:
13.07.2020 17:04:32:
13.07.2020 17:04:32:
13.07.2020 17:04:32:
13.07.2020 17:04:32:
13.07.2020 17:04:32:
13.07.2020 17:04:32:
13.07.2020 17:04:32:
13.07.2020 17:04:32:
13.07.2020 17:04:32:
13.07.2020 17:04:32:
13.07.2020 17:04:32:
13.07.2020 17:04:32:
13.07.2020 17:04:32:
13.07.2020 17:04:32:
13.07.2020 17:04:32:
13.07.2020 17:04:32:
13.07.2020 17:04:32:
13.07.2020 17:04:32:
13.07.2020 17:04:32:
13.07.2020 17:04:32:
13.07.2020 17:04:32:
13.07.2020 17:04:32:
13.07.2020 17:04:32:
13.07.2020 17:04:32:
13.07.2020 17:04:32:
13.07.2020 17:04:32:
13.07.2020 17:04:32:
13.07.2020 17:04:32:
13.07.2020 17:04:32:
13.07.2020 17:04:32:
13.07.2020 17:04:32:
13.07.2020 17:04:32:
13.07.2020 17:04:32:
13.07.2020 17:04:32:
13.07.2020 17:04:32:
13.07.2020 17:04:32:
13.07.2020 17:04:32:
13.07.2020 17:04:32:
13.07.2020 17:04:32:
13.07.2020 17:04:32:
13.07.2020 17:04:32:
13.07.2020 17:04:32:
13.07.2020 17:04:33:
13.07.2020 17:04:33:
13.07.2020 17:04:33:
13.07.2020 17:04:33:
13.07.2020 17:04:33:
13.07.2020 17:04:33:
13.07.2020 17:04:33:
13.07.2020 17:04:33:
13.07.2020 17:04:33:
13.07.2020 17:04:33:
13.07.2020 17:04:33:
13.07.2020 17:04:33:
13.07.2020 17:04:33:
13.07.2020 17:04:33:
13.07.2020 17:04:33:
13.07.2020 17:04:33:
13.07.2020 17:04:33:
13.07.2020 17:04:33:
13.07.2020 17:04:33:
13.07.2020 17:04:33:
13.07.2020 17:04:33:
13.07.2020 17:04:33:
13.07.2020 17:04:33:
13.07.2020 17:04:33:
13.07.2020 17:04:33:
13.07.2020 17:04:33:
13.07.2020 17:04:33:
13.07.2020 17:04:33:
13.07.2020 17:04:33:
13.07.2020 17:04:33:
13.07.2020 17:04:33:
13.07.2020 17:04:33:
13.07.2020 17:04:33:
13.07.2020 17:04:33:
13.07.2020 17:04:33:
13.07.2020 17:04:33:
13.07.2020 17:04:33:
13.07.2020 17:04:33:
13.07.2020 17:04:33:
13.07.2020 17:04:33:
13.07.2020 17:04:33:
13.07.2020 17:04:33:
13.07.2020 17:04:33:
13.07.2020 17:04:33:
13.07.2020 17:04:33:
13.07.2020 17:04:33:
13.07.2020 17:04:33:
13.07.2020 17:04:33:
13.07.2020 17:04:33:
13.07.2020 17:04:33:
13.07.2020 17:04:33:
13.07.2020 17:04:33:
13.07.2020 17:04:33:
13.07.2020 17:04:33:
13.07.2020 17:04:33:
13.07.2020 17:04:33:
13.07.2020 17:04:33:
13.07.2020 17:04:33:
13.07.2020 17:04:33:
13.07.2020 17:04:33:
13.07.2020 17:04:33:
13.07.2020 17:04:33:
13.07.2020 17:04:33:
13.07.2020 17:04:33:
13.07.2020 17:04:33:
13.07.2020 17:04:33:
13.07.2020 17:04:33:
13.07.2020 17:04:33:
13.07.2020 17:04:33:
13.07.2020 17:04:33:
13.07.2020 17:04:33:
13.07.2020 17:04:33:
13.07.2020 17:04:33:
13.07.2020 17:04:33:
13.07.2020 17:04:33:
13.07.2020 17:04:33:
13.07.2020 17:04:33:
13.07.2020 17:04:33:
13.07.2020 17:04:33:
13.07.2020 17:04:33:
13.07.2020 17:04:33:
13.07.2020 17:04:33:
13.07.2020 17:04:33:
13.07.2020 17:04:33:
13.07.2020 17:04:33:
13.07.2020 17:04:33:
13.07.2020 17:04:33:
13.07.2020 17:04:33:
13.07.2020 17:04:33:
13.07.2020 17:04:33:
13.07.2020 17:04:33:
13.07.2020 17:04:33:
13.07.2020 17:04:33:
13.07.2020 17:04:33:
13.07.2020 17:04:33:
13.07.2020 17:04:33:
13.07.2020 17:04:33:
13.07.2020 17:04:33:
13.07.2020 17:04:33:
13.07.2020 17:04:33:
13.07.2020 17:04:33:
13.07.2020 17:04:33:
13.07.2020 17:04:34:
13.07.2020 17:04:34:
13.07.2020 17:04:34:
13.07.2020 17:04:34:
13.07.2020 17:04:34:
13.07.2020 17:04:34:
13.07.2020 17:04:34:
13.07.2020 17:04:34:
13.07.2020 17:04:34:
13.07.2020 17:04:34:
13.07.2020 17:04:34:
13.07.2020 17:04:34:
13.07.2020 17:04:34:
13.07.2020 17:04:34:
13.07.2020 17:04:34:
13.07.2020 17:04:34:
13.07.2020 17:04:34:
13.07.2020 17:04:34:
13.07.2020 17:04:34:
13.07.2020 17:04:34:
13.07.2020 17:04:34:
13.07.2020 17:04:34:
13.07.2020 17:04:34:
13.07.2020 17:04:34:
13.07.2020 17:04:34:
13.07.2020 17:04:34:
13.07.2020 17:04:34:
13.07.2020 17:04:34:
13.07.2020 17:04:34:
13.07.2020 17:04:34:
13.07.2020 17:04:34:
13.07.2020 17:04:34:
13.07.2020 17:04:34:
13.07.2020 17:04:34:
13.07.2020 17:04:34:
13.07.2020 17:04:34:
13.07.2020 17:04:34:
13.07.2020 17:04:34:
13.07.2020 17:04:34:
13.07.2020 17:04:34:
13.07.2020 17:04:34:
13.07.2020 17:04:34:
13.07.2020 17:04:34:
13.07.2020 17:04:34:
13.07.2020 17:04:34:
13.07.2020 17:04:34:
13.07.2020 17:04:34:
13.07.2020 17:04:34:
13.07.2020 17:04:34:
13.07.2020 17:04:34:
13.07.2020 17:04:34:
13.07.2020 17:04:34:
13.07.2020 17:04:34:
13.07.2020 17:04:34:
13.07.2020 17:04:34:
13.07.2020 17:04:34:
13.07.2020 17:04:34:
13.07.2020 17:04:34:
13.07.2020 17:04:34:
13.07.2020 17:04:34:
13.07.2020 17:04:34:
13.07.2020 17:04:34:
13.07.2020 17:04:34:
13.07.2020 17:04:34:
13.07.2020 17:04:34:
13.07.2020 17:04:34:
13.07.2020 17:04:34:
13.07.2020 17:04:34:
13.07.2020 17:04:34:
13.07.2020 17:04:34:
13.07.2020 17:04:34:
13.07.2020 17:04:34:
13.07.2020 17:04:34:
13.07.2020 17:04:34:
13.07.2020 17:04:34:
13.07.2020 17:04:34:
13.07.2020 17:04:34:
13.07.2020 17:04:34:
13.07.2020 17:04:34:
13.07.2020 17:04:34:
13.07.2020 17:04:34:
13.07.2020 17:04:34:
13.07.2020 17:04:34:
13.07.2020 17:04:34:
13.07.2020 17:04:34:
13.07.2020 17:04:34:
13.07.2020 17:04:34:
13.07.2020 17:04:34:
13.07.2020 17:04:34:
13.07.2020 17:04:34:
13.07.2020 17:04:34:
13.07.2020 17:04:34:
13.07.2020 17:04:34:
13.07.2020 17:04:34:
13.07.2020 17:04:34:
13.07.2020 17:04:34:
13.07.2020 17:04:34:
13.07.2020 17:04:34:
13.07.2020 17:04:34:
13.07.2020 17:04:34:
13.07.2020 17:04:34:
13.07.2020 17:04:34:
13.07.2020 17:04:34:
13.07.2020 17:04:34:
13.07.2020 17:04:34:
13.07.2020 17:04:34:
13.07.2020 17:04:34:
13.07.2020 17:04:34:
13.07.2020 17:04:34:
13.07.2020 17:04:34:
13.07.2020 17:04:34:
13.07.2020 17:04:34:
13.07.2020 17:04:34:
13.07.2020 17:04:34:
13.07.2020 17:04:34:
13.07.2020 17:04:34:
13.07.2020 17:04:34:
13.07.2020 17:04:34:
13.07.2020 17:04:34:
13.07.2020 17:04:34:
13.07.2020 17:04:34:
13.07.2020 17:04:35:
13.07.2020 17:04:35:
13.07.2020 17:04:35:
13.07.2020 17:04:35:
13.07.2020 17:04:35:
13.07.2020 17:04:35:
13.07.2020 17:04:35:
13.07.2020 17:04:35:
13.07.2020 17:04:35:
13.07.2020 17:04:35:
13.07.2020 17:04:35:
13.07.2020 17:04:35:
13.07.2020 17:04:35:
13.07.2020 17:04:35:
13.07.2020 17:04:35:
13.07.2020 17:04:35:
13.07.2020 17:04:35:
13.07.2020 17:04:35:
13.07.2020 17:04:35:
13.07.2020 17:04:35:
13.07.2020 17:04:35:
13.07.2020 17:04:35:
13.07.2020 17:04:35:
13.07.2020 17:04:35:
13.07.2020 17:04:35:
13.07.2020 17:04:35:
13.07.2020 17:04:35:
13.07.2020 17:04:35:
13.07.2020 17:04:35:
13.07.2020 17:04:35:
13.07.2020 17:04:35:
13.07.2020 17:04:35:
13.07.2020 17:04:35:
